kotlin version: 2.0.0
error message: org.jetbrains.kotlin.backend.common.BackendException: Backend Internal error: Exception during IR lowering
File being compiled: C:/Users/KM-USER/Desktop/TDM_eCare/eCare/mobile/notifications/src/main/java/com/example/notifications/ui/NotificationsScreen.kt
The root cause java.lang.RuntimeException was thrown at: org.jetbrains.kotlin.backend.jvm.codegen.FunctionCodegen.generate(FunctionCodegen.kt:50)
	at org.jetbrains.kotlin.backend.common.CodegenUtil.reportBackendException(CodegenUtil.kt:253)
	at org.jetbrains.kotlin.backend.common.CodegenUtil.reportBackendException$default(CodegenUtil.kt:236)
	at org.jetbrains.kotlin.backend.common.phaser.PerformByIrFilePhase.invokeSequential(performByIrFile.kt:65)
	at org.jetbrains.kotlin.backend.common.phaser.PerformByIrFilePhase.invoke(performByIrFile.kt:52)
	at org.jetbrains.kotlin.backend.common.phaser.PerformByIrFilePhase.invoke(performByIrFile.kt:38)
	at org.jetbrains.kotlin.backend.common.phaser.NamedCompilerPhase.phaseBody(CompilerPhase.kt:166)
	at org.jetbrains.kotlin.backend.common.phaser.AbstractNamedCompilerPhase.invoke(CompilerPhase.kt:113)
	at org.jetbrains.kotlin.backend.common.phaser.CompositePhase.invoke(PhaseBuilders.kt:29)
	at org.jetbrains.kotlin.backend.common.phaser.CompositePhase.invoke(PhaseBuilders.kt:16)
	at org.jetbrains.kotlin.backend.common.phaser.NamedCompilerPhase.phaseBody(CompilerPhase.kt:166)
	at org.jetbrains.kotlin.backend.common.phaser.AbstractNamedCompilerPhase.invoke(CompilerPhase.kt:113)
	at org.jetbrains.kotlin.backend.common.phaser.CompilerPhaseKt.invokeToplevel(CompilerPhase.kt:62)
	at org.jetbrains.kotlin.backend.jvm.JvmIrCodegenFactory.invokeCodegen(JvmIrCodegenFactory.kt:371)
	at org.jetbrains.kotlin.codegen.CodegenFactory.generateModule(CodegenFactory.kt:47)
	at org.jetbrains.kotlin.backend.jvm.JvmIrCodegenFactory.generateModuleInFrontendIRMode(JvmIrCodegenFactory.kt:433)
	at org.jetbrains.kotlin.cli.jvm.compiler.pipeline.JvmCompilerPipelineKt.generateCodeFromIr(jvmCompilerPipeline.kt:241)
	at org.jetbrains.kotlin.cli.jvm.compiler.pipeline.JvmCompilerPipelineKt.compileModulesUsingFrontendIrAndLightTree(jvmCompilerPipeline.kt:140)
	at org.jetbrains.kotlin.cli.jvm.K2JVMCompiler.doExecute(K2JVMCompiler.kt:155)
	at org.jetbrains.kotlin.cli.jvm.K2JVMCompiler.doExecute(K2JVMCompiler.kt:50)
	at org.jetbrains.kotlin.cli.common.CLICompiler.execImpl(CLICompiler.kt:104)
	at org.jetbrains.kotlin.cli.common.CLICompiler.execImpl(CLICompiler.kt:48)
	at org.jetbrains.kotlin.cli.common.CLITool.exec(CLITool.kt:101)
	at org.jetbrains.kotlin.incremental.IncrementalJvmCompilerRunner.runCompiler(IncrementalJvmCompilerRunner.kt:453)
	at org.jetbrains.kotlin.incremental.IncrementalJvmCompilerRunner.runCompiler(IncrementalJvmCompilerRunner.kt:62)
	at org.jetbrains.kotlin.incremental.IncrementalCompilerRunner.doCompile(IncrementalCompilerRunner.kt:506)
	at org.jetbrains.kotlin.incremental.IncrementalCompilerRunner.compileImpl(IncrementalCompilerRunner.kt:423)
	at org.jetbrains.kotlin.incremental.IncrementalCompilerRunner.compileNonIncrementally(IncrementalCompilerRunner.kt:301)
	at org.jetbrains.kotlin.incremental.IncrementalCompilerRunner.compile(IncrementalCompilerRunner.kt:129)
	at org.jetbrains.kotlin.daemon.CompileServiceImplBase.execIncrementalCompiler(CompileServiceImpl.kt:676)
	at org.jetbrains.kotlin.daemon.CompileServiceImplBase.access$execIncrementalCompiler(CompileServiceImpl.kt:92)
	at org.jetbrains.kotlin.daemon.CompileServiceImpl.compile(CompileServiceImpl.kt:1661)
	at java.base/jdk.internal.reflect.DirectMethodHandleAccessor.invoke(Unknown Source)
	at java.base/java.lang.reflect.Method.invoke(Unknown Source)
	at java.rmi/sun.rmi.server.UnicastServerRef.dispatch(Unknown Source)
	at java.rmi/sun.rmi.transport.Transport$1.run(Unknown Source)
	at java.rmi/sun.rmi.transport.Transport$1.run(Unknown Source)
	at java.base/java.security.AccessController.doPrivileged(Unknown Source)
	at java.rmi/sun.rmi.transport.Transport.serviceCall(Unknown Source)
	at java.rmi/sun.rmi.transport.tcp.TCPTransport.handleMessages(Unknown Source)
	at java.rmi/sun.rmi.transport.tcp.TCPTransport$ConnectionHandler.run0(Unknown Source)
	at java.rmi/sun.rmi.transport.tcp.TCPTransport$ConnectionHandler.lambda$run$0(Unknown Source)
	at java.base/java.security.AccessController.doPrivileged(Unknown Source)
	at java.rmi/sun.rmi.transport.tcp.TCPTransport$ConnectionHandler.run(Unknown Source)
	at java.base/java.util.concurrent.ThreadPoolExecutor.runWorker(Unknown Source)
	at java.base/java.util.concurrent.ThreadPoolExecutor$Worker.run(Unknown Source)
	at java.base/java.lang.Thread.run(Unknown Source)
Caused by: java.lang.RuntimeException: Exception while generating code for:
FUN name:NotificationsScreen visibility:public modality:FINAL <> (viewModel:com.example.data.viewModel.NotificationViewModel) returnType:kotlin.Unit
  annotations:
    Composable
  VALUE_PARAMETER name:viewModel index:0 type:com.example.data.viewModel.NotificationViewModel
  BLOCK_BODY
    VAR PROPERTY_DELEGATE name:uiState$delegate type:androidx.compose.runtime.State<com.example.data.viewModel.NotificationUiState> [val]
      TYPE_OP type=androidx.compose.runtime.State<com.example.data.viewModel.NotificationUiState> origin=IMPLICIT_CAST typeOperand=androidx.compose.runtime.State<com.example.data.viewModel.NotificationUiState>
        CALL 'public final fun collectAsState$default <T> (context: kotlin.coroutines.CoroutineContext?, $mask0: kotlin.Int, $handler: kotlin.Any?): androidx.compose.runtime.State<T of androidx.compose.runtime.SnapshotStateKt.collectAsState$default> declared in androidx.compose.runtime.SnapshotStateKt' type=androidx.compose.runtime.State<T of androidx.compose.runtime.SnapshotStateKt.collectAsState$default> origin=DEFAULT_DISPATCH_CALL
          <T>: com.example.data.viewModel.NotificationUiState
          $receiver: CALL 'public final fun <get-uiState> (): kotlinx.coroutines.flow.StateFlow<com.example.data.viewModel.NotificationUiState> declared in com.example.data.viewModel.NotificationViewModel' type=kotlinx.coroutines.flow.StateFlow<com.example.data.viewModel.NotificationUiState> origin=GET_PROPERTY
            $this: GET_VAR 'viewModel: com.example.data.viewModel.NotificationViewModel declared in com.example.notifications.ui.NotificationsScreenKt.NotificationsScreen' type=com.example.data.viewModel.NotificationViewModel origin=null
          context: COMPOSITE type=kotlin.coroutines.CoroutineContext? origin=DEFAULT_VALUE
            CONST Null type=kotlin.coroutines.CoroutineContext? value=null
          $mask0: CONST Int type=kotlin.Int value=1
          $handler: CONST Null type=kotlin.Any? value=null
    VAR PROPERTY_DELEGATE name:selectedTab$delegate type:androidx.compose.runtime.State<com.example.data.viewModel.NotificationTab> [val]
      TYPE_OP type=androidx.compose.runtime.State<com.example.data.viewModel.NotificationTab> origin=IMPLICIT_CAST typeOperand=androidx.compose.runtime.State<com.example.data.viewModel.NotificationTab>
        CALL 'public final fun collectAsState$default <T> (context: kotlin.coroutines.CoroutineContext?, $mask0: kotlin.Int, $handler: kotlin.Any?): androidx.compose.runtime.State<T of androidx.compose.runtime.SnapshotStateKt.collectAsState$default> declared in androidx.compose.runtime.SnapshotStateKt' type=androidx.compose.runtime.State<T of androidx.compose.runtime.SnapshotStateKt.collectAsState$default> origin=DEFAULT_DISPATCH_CALL
          <T>: com.example.data.viewModel.NotificationTab
          $receiver: CALL 'public final fun <get-selectedTab> (): kotlinx.coroutines.flow.StateFlow<com.example.data.viewModel.NotificationTab> declared in com.example.data.viewModel.NotificationViewModel' type=kotlinx.coroutines.flow.StateFlow<com.example.data.viewModel.NotificationTab> origin=GET_PROPERTY
            $this: GET_VAR 'viewModel: com.example.data.viewModel.NotificationViewModel declared in com.example.notifications.ui.NotificationsScreenKt.NotificationsScreen' type=com.example.data.viewModel.NotificationViewModel origin=null
          context: COMPOSITE type=kotlin.coroutines.CoroutineContext? origin=DEFAULT_VALUE
            CONST Null type=kotlin.coroutines.CoroutineContext? value=null
          $mask0: CONST Int type=kotlin.Int value=1
          $handler: CONST Null type=kotlin.Any? value=null
    CALL 'public final fun Column$default (modifier: androidx.compose.ui.Modifier?, verticalArrangement: androidx.compose.foundation.layout.Arrangement.Vertical?, horizontalAlignment: androidx.compose.ui.Alignment.Horizontal?, content: @[Composable] @[ExtensionFunctionType] kotlin.Function1<androidx.compose.foundation.layout.ColumnScope, kotlin.Unit>, $mask0: kotlin.Int, $handler: kotlin.Any?): kotlin.Unit [inline] declared in androidx.compose.foundation.layout.ColumnKt' type=kotlin.Unit origin=DEFAULT_DISPATCH_CALL
      modifier: CALL 'public final fun background-bw27NRU$default (color: androidx.compose.ui.graphics.Color, shape: androidx.compose.ui.graphics.Shape?, $mask0: kotlin.Int, $handler: kotlin.Any?): androidx.compose.ui.Modifier declared in androidx.compose.foundation.BackgroundKt' type=androidx.compose.ui.Modifier origin=DEFAULT_DISPATCH_CALL
        $receiver: CALL 'public final fun fillMaxSize$default (fraction: kotlin.Float, $mask0: kotlin.Int, $handler: kotlin.Any?): androidx.compose.ui.Modifier declared in androidx.compose.foundation.layout.SizeKt' type=androidx.compose.ui.Modifier origin=DEFAULT_DISPATCH_CALL
          $receiver: GET_FIELD 'FIELD FIELD_FOR_OBJECT_INSTANCE name:Companion type:androidx.compose.ui.Modifier.Companion visibility:public [final,static]' type=androidx.compose.ui.Modifier.Companion origin=null
          fraction: COMPOSITE type=kotlin.Float origin=DEFAULT_VALUE
            CONST Float type=kotlin.Float value=0.0
          $mask0: CONST Int type=kotlin.Int value=1
          $handler: CONST Null type=kotlin.Any? value=null
        color: CALL 'public final fun getWhite-0d7_KjU (): androidx.compose.ui.graphics.Color declared in androidx.compose.ui.graphics.Color.Companion' type=androidx.compose.ui.graphics.Color origin=GET_PROPERTY
          $this: GET_FIELD 'FIELD FIELD_FOR_OBJECT_INSTANCE name:Companion type:androidx.compose.ui.graphics.Color.Companion visibility:public [final,static]' type=androidx.compose.ui.graphics.Color.Companion origin=null
        shape: COMPOSITE type=androidx.compose.ui.graphics.Shape? origin=DEFAULT_VALUE
          CONST Null type=androidx.compose.ui.graphics.Shape? value=null
        $mask0: CONST Int type=kotlin.Int value=2
        $handler: CONST Null type=kotlin.Any? value=null
      verticalArrangement: COMPOSITE type=androidx.compose.foundation.layout.Arrangement.Vertical? origin=DEFAULT_VALUE
        CONST Null type=androidx.compose.foundation.layout.Arrangement.Vertical? value=null
      horizontalAlignment: COMPOSITE type=androidx.compose.ui.Alignment.Horizontal? origin=DEFAULT_VALUE
        CONST Null type=androidx.compose.ui.Alignment.Horizontal? value=null
      content: BLOCK type=@[ExtensionFunctionType] kotlin.Function1<androidx.compose.foundation.layout.ColumnScope, kotlin.Unit> origin=LAMBDA
        COMPOSITE type=kotlin.Unit origin=null
        FUNCTION_REFERENCE 'private final fun NotificationsScreen$lambda$9 ($selectedTab$delegate: androidx.compose.runtime.State<com.example.data.viewModel.NotificationTab>, $viewModel: com.example.data.viewModel.NotificationViewModel, $uiState$delegate: androidx.compose.runtime.State<com.example.data.viewModel.NotificationUiState>): kotlin.Unit declared in com.example.notifications.ui.NotificationsScreenKt' type=@[ExtensionFunctionType] kotlin.Function1<androidx.compose.foundation.layout.ColumnScope, kotlin.Unit> origin=INLINE_LAMBDA reflectionTarget=null
          $selectedTab$delegate: GET_VAR 'val selectedTab$delegate: androidx.compose.runtime.State<com.example.data.viewModel.NotificationTab> [val] declared in com.example.notifications.ui.NotificationsScreenKt.NotificationsScreen' type=androidx.compose.runtime.State<com.example.data.viewModel.NotificationTab> origin=null
          $viewModel: GET_VAR 'viewModel: com.example.data.viewModel.NotificationViewModel declared in com.example.notifications.ui.NotificationsScreenKt.NotificationsScreen' type=com.example.data.viewModel.NotificationViewModel origin=null
          $uiState$delegate: GET_VAR 'val uiState$delegate: androidx.compose.runtime.State<com.example.data.viewModel.NotificationUiState> [val] declared in com.example.notifications.ui.NotificationsScreenKt.NotificationsScreen' type=androidx.compose.runtime.State<com.example.data.viewModel.NotificationUiState> origin=null
      $mask0: CONST Int type=kotlin.Int value=6
      $handler: CONST Null type=kotlin.Any? value=null

	at org.jetbrains.kotlin.backend.jvm.codegen.FunctionCodegen.generate(FunctionCodegen.kt:50)
	at org.jetbrains.kotlin.backend.jvm.codegen.FunctionCodegen.generate$default(FunctionCodegen.kt:42)
	at org.jetbrains.kotlin.backend.jvm.codegen.ClassCodegen.generateMethodNode(ClassCodegen.kt:385)
	at org.jetbrains.kotlin.backend.jvm.codegen.ClassCodegen.generateMethod(ClassCodegen.kt:402)
	at org.jetbrains.kotlin.backend.jvm.codegen.ClassCodegen.generate(ClassCodegen.kt:169)
	at org.jetbrains.kotlin.backend.jvm.FileCodegen.lower(JvmPhases.kt:41)
	at org.jetbrains.kotlin.backend.common.phaser.PhaseBuildersKt.makeIrFilePhase$lambda$5(PhaseBuilders.kt:114)
	at org.jetbrains.kotlin.backend.common.phaser.PhaseBuildersKt$createSimpleNamedCompilerPhase$1.phaseBody(PhaseBuilders.kt:71)
	at org.jetbrains.kotlin.backend.common.phaser.SimpleNamedCompilerPhase.phaseBody(CompilerPhase.kt:226)
	at org.jetbrains.kotlin.backend.common.phaser.AbstractNamedCompilerPhase.invoke(CompilerPhase.kt:113)
	at org.jetbrains.kotlin.backend.common.phaser.PerformByIrFilePhase.invokeSequential(performByIrFile.kt:62)
	... 43 more
Caused by: java.lang.RuntimeException: Exception while generating code for:
FUN INLINE_LAMBDA name:NotificationsScreen$lambda$9 visibility:private modality:FINAL <> ($receiver:androidx.compose.foundation.layout.ColumnScope, $selectedTab$delegate:androidx.compose.runtime.State<com.example.data.viewModel.NotificationTab>, $viewModel:com.example.data.viewModel.NotificationViewModel, $uiState$delegate:androidx.compose.runtime.State<com.example.data.viewModel.NotificationUiState>) returnType:kotlin.Unit
  $receiver: VALUE_PARAMETER name:$this$Column type:androidx.compose.foundation.layout.ColumnScope
  VALUE_PARAMETER BOUND_VALUE_PARAMETER name:$selectedTab$delegate index:0 type:androidx.compose.runtime.State<com.example.data.viewModel.NotificationTab>
  VALUE_PARAMETER BOUND_VALUE_PARAMETER name:$viewModel index:1 type:com.example.data.viewModel.NotificationViewModel
  VALUE_PARAMETER BOUND_VALUE_PARAMETER name:$uiState$delegate index:2 type:androidx.compose.runtime.State<com.example.data.viewModel.NotificationUiState>
  BLOCK_BODY
    VAR name:$i$a$-Column$default-NotificationsScreenKt$NotificationsScreen$1 type:kotlin.Int [val]
      CONST Int type=kotlin.Int value=0
    CALL 'public final fun TabRow-xUsefZ0$default (selectedTabIndex: kotlin.Int, modifier: androidx.compose.ui.Modifier?, containerColor: androidx.compose.ui.graphics.Color, contentColor: androidx.compose.ui.graphics.Color, indicator: @[Composable] kotlin.Function1<@[ParameterName(name = "tabPositions")] kotlin.collections.List<androidx.compose.material3.TabPosition>, kotlin.Unit>?, divider: @[Composable] kotlin.Function0<kotlin.Unit>?, tabs: @[Composable] kotlin.Function0<kotlin.Unit>, $mask0: kotlin.Int, $handler: kotlin.Any?): kotlin.Unit declared in androidx.compose.material3.TabRowKt' type=kotlin.Unit origin=DEFAULT_DISPATCH_CALL
      selectedTabIndex: CALL 'public final fun <get-ordinal> (): kotlin.Int [fake_override] declared in com.example.data.viewModel.NotificationTab' type=kotlin.Int origin=GET_PROPERTY
        $this: CALL 'private final fun NotificationsScreen$lambda$1 ($selectedTab$delegate: androidx.compose.runtime.State<com.example.data.viewModel.NotificationTab>): com.example.data.viewModel.NotificationTab declared in com.example.notifications.ui.NotificationsScreenKt' type=com.example.data.viewModel.NotificationTab origin=GET_LOCAL_PROPERTY
          $selectedTab$delegate: GET_VAR '$selectedTab$delegate: androidx.compose.runtime.State<com.example.data.viewModel.NotificationTab> declared in com.example.notifications.ui.NotificationsScreenKt.NotificationsScreen$lambda$9' type=androidx.compose.runtime.State<com.example.data.viewModel.NotificationTab> origin=null
      modifier: CALL 'public final fun fillMaxWidth$default (fraction: kotlin.Float, $mask0: kotlin.Int, $handler: kotlin.Any?): androidx.compose.ui.Modifier declared in androidx.compose.foundation.layout.SizeKt' type=androidx.compose.ui.Modifier origin=DEFAULT_DISPATCH_CALL
        $receiver: GET_FIELD 'FIELD FIELD_FOR_OBJECT_INSTANCE name:Companion type:androidx.compose.ui.Modifier.Companion visibility:public [final,static]' type=androidx.compose.ui.Modifier.Companion origin=null
        fraction: COMPOSITE type=kotlin.Float origin=DEFAULT_VALUE
          CONST Float type=kotlin.Float value=0.0
        $mask0: CONST Int type=kotlin.Int value=1
        $handler: CONST Null type=kotlin.Any? value=null
      containerColor: COMPOSITE type=androidx.compose.ui.graphics.Color origin=DEFAULT_VALUE
        CALL 'public final fun <unsafe-coerce> <T, R> (v: T of kotlin.jvm.internal.<unsafe-coerce>): R of kotlin.jvm.internal.<unsafe-coerce> declared in kotlin.jvm.internal' type=androidx.compose.ui.graphics.Color origin=null
          <T>: kotlin.Long
          <R>: androidx.compose.ui.graphics.Color
          v: CONST Long type=kotlin.Long value=0
      contentColor: COMPOSITE type=androidx.compose.ui.graphics.Color origin=DEFAULT_VALUE
        CALL 'public final fun <unsafe-coerce> <T, R> (v: T of kotlin.jvm.internal.<unsafe-coerce>): R of kotlin.jvm.internal.<unsafe-coerce> declared in kotlin.jvm.internal' type=androidx.compose.ui.graphics.Color origin=null
          <T>: kotlin.Long
          <R>: androidx.compose.ui.graphics.Color
          v: CONST Long type=kotlin.Long value=0
      indicator: COMPOSITE type=@[Composable] kotlin.Function1<@[ParameterName(name = "tabPositions")] kotlin.collections.List<androidx.compose.material3.TabPosition>, kotlin.Unit>? origin=DEFAULT_VALUE
        CONST Null type=@[Composable] kotlin.Function1<@[ParameterName(name = "tabPositions")] kotlin.collections.List<androidx.compose.material3.TabPosition>, kotlin.Unit>? value=null
      divider: COMPOSITE type=@[Composable] kotlin.Function0<kotlin.Unit>? origin=DEFAULT_VALUE
        CONST Null type=@[Composable] kotlin.Function0<kotlin.Unit>? value=null
      tabs: BLOCK type=kotlin.Function0<kotlin.Unit> origin=LAMBDA
        COMPOSITE type=kotlin.Unit origin=null
        CALL 'public final fun <jvm-indy> <T> (dynamicCall: T of kotlin.jvm.internal.<jvm-indy>, bootstrapMethodHandle: kotlin.Any, vararg bootstrapMethodArguments: kotlin.Any): T of kotlin.jvm.internal.<jvm-indy> declared in kotlin.jvm.internal' type=kotlin.Function0<kotlin.Unit> origin=null
          <T>: kotlin.Function0<kotlin.Unit>
          dynamicCall: CALL 'public final fun invoke (p0: androidx.compose.runtime.State<com.example.data.viewModel.NotificationTab>, p1: com.example.data.viewModel.NotificationViewModel): kotlin.Function0<kotlin.Unit> declared in kotlin.jvm.internal.invokeDynamic' type=kotlin.Function0<kotlin.Unit> origin=null
            p0: GET_VAR '$selectedTab$delegate: androidx.compose.runtime.State<com.example.data.viewModel.NotificationTab> declared in com.example.notifications.ui.NotificationsScreenKt.NotificationsScreen$lambda$9' type=androidx.compose.runtime.State<com.example.data.viewModel.NotificationTab> origin=null
            p1: GET_VAR '$viewModel: com.example.data.viewModel.NotificationViewModel declared in com.example.notifications.ui.NotificationsScreenKt.NotificationsScreen$lambda$9' type=com.example.data.viewModel.NotificationViewModel origin=null
          bootstrapMethodHandle: CALL 'public final fun <jvm-method-handle> (tag: kotlin.Int, owner: kotlin.String, name: kotlin.String, descriptor: kotlin.String, isInterface: kotlin.Boolean): kotlin.Any declared in kotlin.jvm.internal' type=kotlin.Any origin=null
            tag: CONST Int type=kotlin.Int value=6
            owner: CONST String type=kotlin.String value="java/lang/invoke/LambdaMetafactory"
            name: CONST String type=kotlin.String value="metafactory"
            descriptor: CONST String type=kotlin.String value="(Ljava/lang/invoke/MethodHandles$Lookup;Ljava/lang/String;Ljava/lang/invoke/MethodType;Ljava/lang/invoke/MethodType;Ljava/lang/invoke/MethodHandle;Ljava/lang/invoke/MethodType;)Ljava/lang/invoke/CallSite;"
            isInterface: CONST Boolean type=kotlin.Boolean value=false
          bootstrapMethodArguments: VARARG type=kotlin.Array<kotlin.Any> varargElementType=kotlin.Any
            CALL 'public final fun <jvm-original-method-type> (method: kotlin.Any): kotlin.Any declared in kotlin.jvm.internal' type=kotlin.Any origin=null
              method: RAW_FUNCTION_REFERENCE 'public abstract fun invoke (): R of kotlin.Function0 [operator] declared in kotlin.Function0' type=kotlin.Any
            RAW_FUNCTION_REFERENCE 'private final fun NotificationsScreen$lambda$9$lambda$6 ($selectedTab$delegate: androidx.compose.runtime.State<com.example.data.viewModel.NotificationTab>, $viewModel: com.example.data.viewModel.NotificationViewModel): kotlin.Unit? declared in com.example.notifications.ui.NotificationsScreenKt' type=kotlin.Any
            CALL 'public final fun <jvm-original-method-type> (method: kotlin.Any): kotlin.Any declared in kotlin.jvm.internal' type=kotlin.Any origin=null
              method: RAW_FUNCTION_REFERENCE 'public abstract fun invoke (): kotlin.Unit? [fake_override,operator] declared in kotlin.jvm.internal.invokeDynamic.<fake>' type=kotlin.Any
      $mask0: CONST Int type=kotlin.Int value=60
      $handler: CONST Null type=kotlin.Any? value=null
    WHEN type=kotlin.Unit origin=IF
      BRANCH
        if: CALL 'public final fun <get-isLoading> (): kotlin.Boolean declared in com.example.data.viewModel.NotificationUiState' type=kotlin.Boolean origin=GET_PROPERTY
          $this: CALL 'private final fun NotificationsScreen$lambda$0 ($uiState$delegate: androidx.compose.runtime.State<com.example.data.viewModel.NotificationUiState>): com.example.data.viewModel.NotificationUiState declared in com.example.notifications.ui.NotificationsScreenKt' type=com.example.data.viewModel.NotificationUiState origin=GET_LOCAL_PROPERTY
            $uiState$delegate: GET_VAR '$uiState$delegate: androidx.compose.runtime.State<com.example.data.viewModel.NotificationUiState> declared in com.example.notifications.ui.NotificationsScreenKt.NotificationsScreen$lambda$9' type=androidx.compose.runtime.State<com.example.data.viewModel.NotificationUiState> origin=null
        then: BLOCK type=kotlin.Unit origin=null
          CALL 'public final fun Box$default (modifier: androidx.compose.ui.Modifier?, contentAlignment: androidx.compose.ui.Alignment?, propagateMinConstraints: kotlin.Boolean, content: @[Composable] @[ExtensionFunctionType] kotlin.Function1<androidx.compose.foundation.layout.BoxScope, kotlin.Unit>, $mask0: kotlin.Int, $handler: kotlin.Any?): kotlin.Unit [inline] declared in androidx.compose.foundation.layout.BoxKt' type=kotlin.Unit origin=DEFAULT_DISPATCH_CALL
            modifier: CALL 'public final fun fillMaxSize$default (fraction: kotlin.Float, $mask0: kotlin.Int, $handler: kotlin.Any?): androidx.compose.ui.Modifier declared in androidx.compose.foundation.layout.SizeKt' type=androidx.compose.ui.Modifier origin=DEFAULT_DISPATCH_CALL
              $receiver: GET_FIELD 'FIELD FIELD_FOR_OBJECT_INSTANCE name:Companion type:androidx.compose.ui.Modifier.Companion visibility:public [final,static]' type=androidx.compose.ui.Modifier.Companion origin=null
              fraction: COMPOSITE type=kotlin.Float origin=DEFAULT_VALUE
                CONST Float type=kotlin.Float value=0.0
              $mask0: CONST Int type=kotlin.Int value=1
              $handler: CONST Null type=kotlin.Any? value=null
            contentAlignment: CALL 'public final fun <get-Center> (): androidx.compose.ui.Alignment declared in androidx.compose.ui.Alignment.Companion' type=androidx.compose.ui.Alignment origin=GET_PROPERTY
              $this: GET_FIELD 'FIELD FIELD_FOR_OBJECT_INSTANCE name:Companion type:androidx.compose.ui.Alignment.Companion visibility:public [final,static]' type=androidx.compose.ui.Alignment.Companion origin=null
            propagateMinConstraints: COMPOSITE type=kotlin.Boolean origin=DEFAULT_VALUE
              CONST Boolean type=kotlin.Boolean value=false
            content: BLOCK type=@[ExtensionFunctionType] kotlin.Function1<androidx.compose.foundation.layout.BoxScope, kotlin.Unit> origin=LAMBDA
              COMPOSITE type=kotlin.Unit origin=null
              FUNCTION_REFERENCE 'private final fun NotificationsScreen$lambda$9$lambda$7 (): kotlin.Unit declared in com.example.notifications.ui.NotificationsScreenKt' type=@[ExtensionFunctionType] kotlin.Function1<androidx.compose.foundation.layout.BoxScope, kotlin.Unit> origin=INLINE_LAMBDA reflectionTarget=null
            $mask0: CONST Int type=kotlin.Int value=4
            $handler: CONST Null type=kotlin.Any? value=null
      BRANCH
        if: CALL 'public abstract fun isEmpty (): kotlin.Boolean declared in kotlin.collections.Map' type=kotlin.Boolean origin=null
          $this: CALL 'public final fun <get-notifications> (): kotlin.collections.Map<kotlin.String, kotlin.collections.List<com.example.data.model.Notification>> declared in com.example.data.viewModel.NotificationUiState' type=kotlin.collections.Map<kotlin.String, kotlin.collections.List<com.example.data.model.Notification>> origin=GET_PROPERTY
            $this: CALL 'private final fun NotificationsScreen$lambda$0 ($uiState$delegate: androidx.compose.runtime.State<com.example.data.viewModel.NotificationUiState>): com.example.data.viewModel.NotificationUiState declared in com.example.notifications.ui.NotificationsScreenKt' type=com.example.data.viewModel.NotificationUiState origin=GET_LOCAL_PROPERTY
              $uiState$delegate: GET_VAR '$uiState$delegate: androidx.compose.runtime.State<com.example.data.viewModel.NotificationUiState> declared in com.example.notifications.ui.NotificationsScreenKt.NotificationsScreen$lambda$9' type=androidx.compose.runtime.State<com.example.data.viewModel.NotificationUiState> origin=null
        then: BLOCK type=kotlin.Unit origin=null
          CALL 'public final fun EmptyNotificationsState (): kotlin.Unit declared in com.example.notifications.ui.NotificationsScreenKt' type=kotlin.Unit origin=null
      BRANCH
        if: CONST Boolean type=kotlin.Boolean value=true
        then: BLOCK type=kotlin.Unit origin=null
          CALL 'public final fun NotificationsList (notificationGroups: kotlin.collections.Map<kotlin.String, kotlin.collections.List<com.example.data.model.Notification>>, onNotificationClick: kotlin.Function1<com.example.data.model.Notification, kotlin.Unit>): kotlin.Unit declared in com.example.notifications.ui.NotificationsScreenKt' type=kotlin.Unit origin=null
            notificationGroups: CALL 'public final fun <get-notifications> (): kotlin.collections.Map<kotlin.String, kotlin.collections.List<com.example.data.model.Notification>> declared in com.example.data.viewModel.NotificationUiState' type=kotlin.collections.Map<kotlin.String, kotlin.collections.List<com.example.data.model.Notification>> origin=GET_PROPERTY
              $this: CALL 'private final fun NotificationsScreen$lambda$0 ($uiState$delegate: androidx.compose.runtime.State<com.example.data.viewModel.NotificationUiState>): com.example.data.viewModel.NotificationUiState declared in com.example.notifications.ui.NotificationsScreenKt' type=com.example.data.viewModel.NotificationUiState origin=GET_LOCAL_PROPERTY
                $uiState$delegate: GET_VAR '$uiState$delegate: androidx.compose.runtime.State<com.example.data.viewModel.NotificationUiState> declared in com.example.notifications.ui.NotificationsScreenKt.NotificationsScreen$lambda$9' type=androidx.compose.runtime.State<com.example.data.viewModel.NotificationUiState> origin=null
            onNotificationClick: BLOCK type=kotlin.Function1<com.example.data.model.Notification, kotlin.Unit> origin=LAMBDA
              COMPOSITE type=kotlin.Unit origin=null
              CALL 'public final fun <jvm-indy> <T> (dynamicCall: T of kotlin.jvm.internal.<jvm-indy>, bootstrapMethodHandle: kotlin.Any, vararg bootstrapMethodArguments: kotlin.Any): T of kotlin.jvm.internal.<jvm-indy> declared in kotlin.jvm.internal' type=kotlin.Function1<com.example.data.model.Notification, kotlin.Unit> origin=null
                <T>: kotlin.Function1<com.example.data.model.Notification, kotlin.Unit>
                dynamicCall: CALL 'public final fun invoke (p0: com.example.data.viewModel.NotificationViewModel): kotlin.Function1<com.example.data.model.Notification, kotlin.Unit> declared in kotlin.jvm.internal.invokeDynamic' type=kotlin.Function1<com.example.data.model.Notification, kotlin.Unit> origin=null
                  p0: GET_VAR '$viewModel: com.example.data.viewModel.NotificationViewModel declared in com.example.notifications.ui.NotificationsScreenKt.NotificationsScreen$lambda$9' type=com.example.data.viewModel.NotificationViewModel origin=null
                bootstrapMethodHandle: CALL 'public final fun <jvm-method-handle> (tag: kotlin.Int, owner: kotlin.String, name: kotlin.String, descriptor: kotlin.String, isInterface: kotlin.Boolean): kotlin.Any declared in kotlin.jvm.internal' type=kotlin.Any origin=null
                  tag: CONST Int type=kotlin.Int value=6
                  owner: CONST String type=kotlin.String value="java/lang/invoke/LambdaMetafactory"
                  name: CONST String type=kotlin.String value="metafactory"
                  descriptor: CONST String type=kotlin.String value="(Ljava/lang/invoke/MethodHandles$Lookup;Ljava/lang/String;Ljava/lang/invoke/MethodType;Ljava/lang/invoke/MethodType;Ljava/lang/invoke/MethodHandle;Ljava/lang/invoke/MethodType;)Ljava/lang/invoke/CallSite;"
                  isInterface: CONST Boolean type=kotlin.Boolean value=false
                bootstrapMethodArguments: VARARG type=kotlin.Array<kotlin.Any> varargElementType=kotlin.Any
                  CALL 'public final fun <jvm-original-method-type> (method: kotlin.Any): kotlin.Any declared in kotlin.jvm.internal' type=kotlin.Any origin=null
                    method: RAW_FUNCTION_REFERENCE 'public abstract fun invoke (p1: P1 of kotlin.Function1): R of kotlin.Function1 [operator] declared in kotlin.Function1' type=kotlin.Any
                  RAW_FUNCTION_REFERENCE 'private final fun NotificationsScreen$lambda$9$lambda$8 ($viewModel: com.example.data.viewModel.NotificationViewModel, it: com.example.data.model.Notification): kotlin.Unit? declared in com.example.notifications.ui.NotificationsScreenKt' type=kotlin.Any
                  CALL 'public final fun <jvm-original-method-type> (method: kotlin.Any): kotlin.Any declared in kotlin.jvm.internal' type=kotlin.Any origin=null
                    method: RAW_FUNCTION_REFERENCE 'public abstract fun invoke (p1: com.example.data.model.Notification): kotlin.Unit? [fake_override,operator] declared in kotlin.jvm.internal.invokeDynamic.<fake>' type=kotlin.Any

	at org.jetbrains.kotlin.backend.jvm.codegen.FunctionCodegen.generate(FunctionCodegen.kt:50)
	at org.jetbrains.kotlin.backend.jvm.codegen.IrSourceCompilerForInline.generateLambdaBody(IrSourceCompilerForInline.kt:67)
	at org.jetbrains.kotlin.codegen.inline.ExpressionLambda.generateLambdaBody(LambdaInfo.kt:72)
	at org.jetbrains.kotlin.backend.jvm.codegen.IrInlineCodegen.genValueAndPut(IrInlineCodegen.kt:99)
	at org.jetbrains.kotlin.backend.jvm.codegen.ExpressionCodegen.visitCall$handleParameter(ExpressionCodegen.kt:610)
	at org.jetbrains.kotlin.backend.jvm.codegen.ExpressionCodegen.visitCall(ExpressionCodegen.kt:638)
	at org.jetbrains.kotlin.backend.jvm.codegen.ExpressionCodegen.visitCall(ExpressionCodegen.kt:137)
	at org.jetbrains.kotlin.ir.expressions.IrCall.accept(IrCall.kt:24)
	at org.jetbrains.kotlin.backend.jvm.codegen.ExpressionCodegen.visitStatementContainer(ExpressionCodegen.kt:573)
	at org.jetbrains.kotlin.backend.jvm.codegen.ExpressionCodegen.visitBlockBody(ExpressionCodegen.kt:578)
	at org.jetbrains.kotlin.backend.jvm.codegen.ExpressionCodegen.visitBlockBody(ExpressionCodegen.kt:137)
	at org.jetbrains.kotlin.ir.expressions.IrBlockBody.accept(IrBlockBody.kt:20)
	at org.jetbrains.kotlin.backend.jvm.codegen.ExpressionCodegen.generate(ExpressionCodegen.kt:239)
	at org.jetbrains.kotlin.backend.jvm.codegen.FunctionCodegen.doGenerate(FunctionCodegen.kt:121)
	at org.jetbrains.kotlin.backend.jvm.codegen.FunctionCodegen.generate(FunctionCodegen.kt:46)
	... 53 more
Caused by: org.jetbrains.kotlin.codegen.CompilationException: Back-end (JVM) Internal error: Couldn't inline method call: CALL 'public final fun Box$default (modifier: androidx.compose.ui.Modifier?, contentAlignment: androidx.compose.ui.Alignment?, propagateMinConstraints: kotlin.Boolean, content: @[Composable] @[ExtensionFunctionType] kotlin.Function1<androidx.compose.foundation.layout.BoxScope, kotlin.Unit>, $mask0: kotlin.Int, $handler: kotlin.Any?): kotlin.Unit [inline] declared in androidx.compose.foundation.layout.BoxKt' type=kotlin.Unit origin=DEFAULT_DISPATCH_CALL
Method: null
File is unknown
The root cause java.lang.IllegalStateException was thrown at: org.jetbrains.kotlin.codegen.inline.SourceCompilerForInlineKt.getMethodNode(SourceCompilerForInline.kt:118)
	at org.jetbrains.kotlin.codegen.inline.InlineCodegen.performInline(InlineCodegen.kt:65)
	at org.jetbrains.kotlin.backend.jvm.codegen.IrInlineCodegen.genInlineCall(IrInlineCodegen.kt:162)
	at org.jetbrains.kotlin.backend.jvm.codegen.IrInlineCallGenerator.genCall(IrInlineCallGenerator.kt:36)
	at org.jetbrains.kotlin.backend.jvm.codegen.ExpressionCodegen.visitCall(ExpressionCodegen.kt:647)
	at org.jetbrains.kotlin.backend.jvm.codegen.ExpressionCodegen.visitCall(ExpressionCodegen.kt:137)
	at org.jetbrains.kotlin.ir.expressions.IrCall.accept(IrCall.kt:24)
	at org.jetbrains.kotlin.backend.jvm.codegen.ExpressionCodegen.visitStatementContainer(ExpressionCodegen.kt:573)
	at org.jetbrains.kotlin.backend.jvm.codegen.ExpressionCodegen.visitContainerExpression(ExpressionCodegen.kt:587)
	at org.jetbrains.kotlin.backend.jvm.codegen.ExpressionCodegen.visitContainerExpression(ExpressionCodegen.kt:137)
	at org.jetbrains.kotlin.ir.visitors.IrElementVisitor$DefaultImpls.visitBlock(IrElementVisitor.kt:122)
	at org.jetbrains.kotlin.backend.jvm.codegen.ExpressionCodegen.visitBlock(ExpressionCodegen.kt:407)
	at org.jetbrains.kotlin.backend.jvm.codegen.ExpressionCodegen.visitBlock(ExpressionCodegen.kt:137)
	at org.jetbrains.kotlin.ir.expressions.IrBlock.accept(IrBlock.kt:18)
	at org.jetbrains.kotlin.backend.jvm.codegen.ExpressionCodegen.visitWhen(ExpressionCodegen.kt:1095)
	at org.jetbrains.kotlin.backend.jvm.codegen.ExpressionCodegen.visitWhen(ExpressionCodegen.kt:137)
	at org.jetbrains.kotlin.ir.expressions.IrWhen.accept(IrWhen.kt:24)
	at org.jetbrains.kotlin.backend.jvm.codegen.ExpressionCodegen.visitStatementContainer(ExpressionCodegen.kt:573)
	at org.jetbrains.kotlin.backend.jvm.codegen.ExpressionCodegen.visitBlockBody(ExpressionCodegen.kt:578)
	at org.jetbrains.kotlin.backend.jvm.codegen.ExpressionCodegen.visitBlockBody(ExpressionCodegen.kt:137)
	at org.jetbrains.kotlin.ir.expressions.IrBlockBody.accept(IrBlockBody.kt:20)
	at org.jetbrains.kotlin.backend.jvm.codegen.ExpressionCodegen.generate(ExpressionCodegen.kt:239)
	at org.jetbrains.kotlin.backend.jvm.codegen.FunctionCodegen.doGenerate(FunctionCodegen.kt:121)
	at org.jetbrains.kotlin.backend.jvm.codegen.FunctionCodegen.generate(FunctionCodegen.kt:46)
	... 67 more
Caused by: java.lang.IllegalStateException: couldn't find inline method Landroidx/compose/foundation/layout/BoxKt;.Box$default(Landroidx/compose/ui/Modifier;Landroidx/compose/ui/Alignment;ZLkotlin/jvm/functions/Function1;ILjava/lang/Object;)V
	at org.jetbrains.kotlin.codegen.inline.SourceCompilerForInlineKt.getMethodNode(SourceCompilerForInline.kt:118)
	at org.jetbrains.kotlin.codegen.inline.SourceCompilerForInlineKt.loadCompiledInlineFunction(SourceCompilerForInline.kt:96)
	at org.jetbrains.kotlin.backend.jvm.codegen.IrSourceCompilerForInline.compileInlineFunction(IrSourceCompilerForInline.kt:91)
	at org.jetbrains.kotlin.codegen.inline.InlineCodegen.compileInline(InlineCodegen.kt:43)
	at org.jetbrains.kotlin.codegen.inline.InlineCodegen.performInline(InlineCodegen.kt:51)
	... 89 more


