kotlin version: 2.0.0
error message: org.jetbrains.kotlin.backend.common.BackendException: Backend Internal error: Exception during IR lowering
File being compiled: C:/Users/KM-USER/Desktop/TDM_eCare/eCare/mobile/onboarding-screens/src/main/java/com/example/onboarding_screens/OnboardingActivity.kt
The root cause java.lang.RuntimeException was thrown at: org.jetbrains.kotlin.backend.jvm.codegen.FunctionCodegen.generate(FunctionCodegen.kt:50)
	at org.jetbrains.kotlin.backend.common.CodegenUtil.reportBackendException(CodegenUtil.kt:253)
	at org.jetbrains.kotlin.backend.common.CodegenUtil.reportBackendException$default(CodegenUtil.kt:236)
	at org.jetbrains.kotlin.backend.common.phaser.PerformByIrFilePhase.invokeSequential(performByIrFile.kt:65)
	at org.jetbrains.kotlin.backend.common.phaser.PerformByIrFilePhase.invoke(performByIrFile.kt:52)
	at org.jetbrains.kotlin.backend.common.phaser.PerformByIrFilePhase.invoke(performByIrFile.kt:38)
	at org.jetbrains.kotlin.backend.common.phaser.NamedCompilerPhase.phaseBody(CompilerPhase.kt:166)
	at org.jetbrains.kotlin.backend.common.phaser.AbstractNamedCompilerPhase.invoke(CompilerPhase.kt:113)
	at org.jetbrains.kotlin.backend.common.phaser.CompositePhase.invoke(PhaseBuilders.kt:29)
	at org.jetbrains.kotlin.backend.common.phaser.CompositePhase.invoke(PhaseBuilders.kt:16)
	at org.jetbrains.kotlin.backend.common.phaser.NamedCompilerPhase.phaseBody(CompilerPhase.kt:166)
	at org.jetbrains.kotlin.backend.common.phaser.AbstractNamedCompilerPhase.invoke(CompilerPhase.kt:113)
	at org.jetbrains.kotlin.backend.common.phaser.CompilerPhaseKt.invokeToplevel(CompilerPhase.kt:62)
	at org.jetbrains.kotlin.backend.jvm.JvmIrCodegenFactory.invokeCodegen(JvmIrCodegenFactory.kt:371)
	at org.jetbrains.kotlin.codegen.CodegenFactory.generateModule(CodegenFactory.kt:47)
	at org.jetbrains.kotlin.backend.jvm.JvmIrCodegenFactory.generateModuleInFrontendIRMode(JvmIrCodegenFactory.kt:433)
	at org.jetbrains.kotlin.cli.jvm.compiler.pipeline.JvmCompilerPipelineKt.generateCodeFromIr(jvmCompilerPipeline.kt:241)
	at org.jetbrains.kotlin.cli.jvm.compiler.pipeline.JvmCompilerPipelineKt.compileModulesUsingFrontendIrAndLightTree(jvmCompilerPipeline.kt:140)
	at org.jetbrains.kotlin.cli.jvm.K2JVMCompiler.doExecute(K2JVMCompiler.kt:155)
	at org.jetbrains.kotlin.cli.jvm.K2JVMCompiler.doExecute(K2JVMCompiler.kt:50)
	at org.jetbrains.kotlin.cli.common.CLICompiler.execImpl(CLICompiler.kt:104)
	at org.jetbrains.kotlin.cli.common.CLICompiler.execImpl(CLICompiler.kt:48)
	at org.jetbrains.kotlin.cli.common.CLITool.exec(CLITool.kt:101)
	at org.jetbrains.kotlin.incremental.IncrementalJvmCompilerRunner.runCompiler(IncrementalJvmCompilerRunner.kt:453)
	at org.jetbrains.kotlin.incremental.IncrementalJvmCompilerRunner.runCompiler(IncrementalJvmCompilerRunner.kt:62)
	at org.jetbrains.kotlin.incremental.IncrementalCompilerRunner.doCompile(IncrementalCompilerRunner.kt:506)
	at org.jetbrains.kotlin.incremental.IncrementalCompilerRunner.compileImpl(IncrementalCompilerRunner.kt:423)
	at org.jetbrains.kotlin.incremental.IncrementalCompilerRunner.compileNonIncrementally(IncrementalCompilerRunner.kt:301)
	at org.jetbrains.kotlin.incremental.IncrementalCompilerRunner.compile(IncrementalCompilerRunner.kt:129)
	at org.jetbrains.kotlin.daemon.CompileServiceImplBase.execIncrementalCompiler(CompileServiceImpl.kt:676)
	at org.jetbrains.kotlin.daemon.CompileServiceImplBase.access$execIncrementalCompiler(CompileServiceImpl.kt:92)
	at org.jetbrains.kotlin.daemon.CompileServiceImpl.compile(CompileServiceImpl.kt:1661)
	at java.base/jdk.internal.reflect.DirectMethodHandleAccessor.invoke(Unknown Source)
	at java.base/java.lang.reflect.Method.invoke(Unknown Source)
	at java.rmi/sun.rmi.server.UnicastServerRef.dispatch(Unknown Source)
	at java.rmi/sun.rmi.transport.Transport$1.run(Unknown Source)
	at java.rmi/sun.rmi.transport.Transport$1.run(Unknown Source)
	at java.base/java.security.AccessController.doPrivileged(Unknown Source)
	at java.rmi/sun.rmi.transport.Transport.serviceCall(Unknown Source)
	at java.rmi/sun.rmi.transport.tcp.TCPTransport.handleMessages(Unknown Source)
	at java.rmi/sun.rmi.transport.tcp.TCPTransport$ConnectionHandler.run0(Unknown Source)
	at java.rmi/sun.rmi.transport.tcp.TCPTransport$ConnectionHandler.lambda$run$0(Unknown Source)
	at java.base/java.security.AccessController.doPrivileged(Unknown Source)
	at java.rmi/sun.rmi.transport.tcp.TCPTransport$ConnectionHandler.run(Unknown Source)
	at java.base/java.util.concurrent.ThreadPoolExecutor.runWorker(Unknown Source)
	at java.base/java.util.concurrent.ThreadPoolExecutor$Worker.run(Unknown Source)
	at java.base/java.lang.Thread.run(Unknown Source)
Caused by: java.lang.RuntimeException: Exception while generating code for:
FUN name:OnboardingScreen visibility:public modality:FINAL <> (onFinish:kotlin.Function0<kotlin.Unit>) returnType:kotlin.Unit
  annotations:
    OptIn(markerClass = [CLASS_REFERENCE 'CLASS IR_EXTERNAL_DECLARATION_STUB ANNOTATION_CLASS name:ExperimentalFoundationApi modality:OPEN visibility:public superTypes:[kotlin.Annotation]' type=kotlin.reflect.KClass<androidx.compose.foundation.ExperimentalFoundationApi>])
    Composable
  VALUE_PARAMETER name:onFinish index:0 type:kotlin.Function0<kotlin.Unit>
  BLOCK_BODY
    VAR name:pages type:kotlin.collections.List<com.example.onboarding_screens.OnboardingPage> [val]
      CALL 'public final fun listOf <T> (vararg elements: T of kotlin.collections.CollectionsKt.listOf): kotlin.collections.List<T of kotlin.collections.CollectionsKt.listOf> declared in kotlin.collections.CollectionsKt' type=kotlin.collections.List<com.example.onboarding_screens.OnboardingPage> origin=null
        <T>: com.example.onboarding_screens.OnboardingPage
        elements: BLOCK type=kotlin.Array<out com.example.onboarding_screens.OnboardingPage> origin=null
          VAR IR_TEMPORARY_VARIABLE name:tmp0 type:kotlin.Array<out com.example.onboarding_screens.OnboardingPage> [val]
            CALL 'public final fun arrayOfNulls <T> (size: kotlin.Int): kotlin.Array<T of kotlin.arrayOfNulls?> declared in kotlin' type=kotlin.Array<out com.example.onboarding_screens.OnboardingPage> origin=null
              <T>: com.example.onboarding_screens.OnboardingPage
              size: CONST Int type=kotlin.Int value=3
          CALL 'public final fun set (index: kotlin.Int, value: T of kotlin.Array): kotlin.Unit [operator] declared in kotlin.Array' type=kotlin.Unit origin=null
            $this: GET_VAR 'val tmp0: kotlin.Array<out com.example.onboarding_screens.OnboardingPage> [val] declared in com.example.onboarding_screens.OnboardingActivityKt.OnboardingScreen' type=kotlin.Array<out com.example.onboarding_screens.OnboardingPage> origin=null
            index: CONST Int type=kotlin.Int value=0
            value: CONSTRUCTOR_CALL 'public constructor <init> (title: kotlin.String, description: kotlin.String, imageResId: kotlin.Int) [primary] declared in com.example.onboarding_screens.OnboardingPage' type=com.example.onboarding_screens.OnboardingPage origin=null
              title: CONST String type=kotlin.String value="Healthcare, Just a Tap Away!"
              description: CONST String type=kotlin.String value="Get easy access to a wide range of healthcare services—all from the comforts of your home. No more long waits. Just seamless healthcare at your fingertips."
              imageResId: GET_FIELD 'FIELD IR_EXTERNAL_JAVA_DECLARATION_STUB name:obs_1 type:kotlin.Int visibility:public [static]' type=kotlin.Int origin=null
          CALL 'public final fun set (index: kotlin.Int, value: T of kotlin.Array): kotlin.Unit [operator] declared in kotlin.Array' type=kotlin.Unit origin=null
            $this: GET_VAR 'val tmp0: kotlin.Array<out com.example.onboarding_screens.OnboardingPage> [val] declared in com.example.onboarding_screens.OnboardingActivityKt.OnboardingScreen' type=kotlin.Array<out com.example.onboarding_screens.OnboardingPage> origin=null
            index: CONST Int type=kotlin.Int value=1
            value: CONSTRUCTOR_CALL 'public constructor <init> (title: kotlin.String, description: kotlin.String, imageResId: kotlin.Int) [primary] declared in com.example.onboarding_screens.OnboardingPage' type=com.example.onboarding_screens.OnboardingPage origin=null
              title: CONST String type=kotlin.String value="Book Appointments in Seconds"
              description: CONST String type=kotlin.String value="No more waiting in long queues! Easily find the right doctor, schedule appointments in seconds, and get the care you need without the hassle."
              imageResId: GET_FIELD 'FIELD IR_EXTERNAL_JAVA_DECLARATION_STUB name:obs_2 type:kotlin.Int visibility:public [static]' type=kotlin.Int origin=null
          CALL 'public final fun set (index: kotlin.Int, value: T of kotlin.Array): kotlin.Unit [operator] declared in kotlin.Array' type=kotlin.Unit origin=null
            $this: GET_VAR 'val tmp0: kotlin.Array<out com.example.onboarding_screens.OnboardingPage> [val] declared in com.example.onboarding_screens.OnboardingActivityKt.OnboardingScreen' type=kotlin.Array<out com.example.onboarding_screens.OnboardingPage> origin=null
            index: CONST Int type=kotlin.Int value=2
            value: CONSTRUCTOR_CALL 'public constructor <init> (title: kotlin.String, description: kotlin.String, imageResId: kotlin.Int) [primary] declared in com.example.onboarding_screens.OnboardingPage' type=com.example.onboarding_screens.OnboardingPage origin=null
              title: CONST String type=kotlin.String value="Your Health, Always Within Reach"
              description: CONST String type=kotlin.String value="Stay in control of your health with easy appointment tracking, timely reminders, and seamless access to your medical history—all in one place."
              imageResId: GET_FIELD 'FIELD IR_EXTERNAL_JAVA_DECLARATION_STUB name:obs_3 type:kotlin.Int visibility:public [static]' type=kotlin.Int origin=null
          GET_VAR 'val tmp0: kotlin.Array<out com.example.onboarding_screens.OnboardingPage> [val] declared in com.example.onboarding_screens.OnboardingActivityKt.OnboardingScreen' type=kotlin.Array<out com.example.onboarding_screens.OnboardingPage> origin=null
    VAR name:pagerState type:androidx.compose.foundation.pager.PagerState [val]
      CALL 'public final fun rememberPagerState$default (initialPage: kotlin.Int, initialPageOffsetFraction: kotlin.Float, pageCount: kotlin.Function0<kotlin.Int>, $mask0: kotlin.Int, $handler: kotlin.Any?): androidx.compose.foundation.pager.PagerState declared in androidx.compose.foundation.pager.PagerStateKt' type=androidx.compose.foundation.pager.PagerState origin=DEFAULT_DISPATCH_CALL
        initialPage: COMPOSITE type=kotlin.Int origin=DEFAULT_VALUE
          CONST Int type=kotlin.Int value=0
        initialPageOffsetFraction: COMPOSITE type=kotlin.Float origin=DEFAULT_VALUE
          CONST Float type=kotlin.Float value=0.0
        pageCount: BLOCK type=kotlin.Function0<kotlin.Int> origin=LAMBDA
          COMPOSITE type=kotlin.Unit origin=null
          CALL 'public final fun <jvm-indy> <T> (dynamicCall: T of kotlin.jvm.internal.<jvm-indy>, bootstrapMethodHandle: kotlin.Any, vararg bootstrapMethodArguments: kotlin.Any): T of kotlin.jvm.internal.<jvm-indy> declared in kotlin.jvm.internal' type=kotlin.Function0<kotlin.Int> origin=null
            <T>: kotlin.Function0<kotlin.Int>
            dynamicCall: CALL 'public final fun invoke (p0: kotlin.collections.List<com.example.onboarding_screens.OnboardingPage>): kotlin.Function0<kotlin.Int> declared in kotlin.jvm.internal.invokeDynamic' type=kotlin.Function0<kotlin.Int> origin=null
              p0: GET_VAR 'val pages: kotlin.collections.List<com.example.onboarding_screens.OnboardingPage> [val] declared in com.example.onboarding_screens.OnboardingActivityKt.OnboardingScreen' type=kotlin.collections.List<com.example.onboarding_screens.OnboardingPage> origin=null
            bootstrapMethodHandle: CALL 'public final fun <jvm-method-handle> (tag: kotlin.Int, owner: kotlin.String, name: kotlin.String, descriptor: kotlin.String, isInterface: kotlin.Boolean): kotlin.Any declared in kotlin.jvm.internal' type=kotlin.Any origin=null
              tag: CONST Int type=kotlin.Int value=6
              owner: CONST String type=kotlin.String value="java/lang/invoke/LambdaMetafactory"
              name: CONST String type=kotlin.String value="metafactory"
              descriptor: CONST String type=kotlin.String value="(Ljava/lang/invoke/MethodHandles$Lookup;Ljava/lang/String;Ljava/lang/invoke/MethodType;Ljava/lang/invoke/MethodType;Ljava/lang/invoke/MethodHandle;Ljava/lang/invoke/MethodType;)Ljava/lang/invoke/CallSite;"
              isInterface: CONST Boolean type=kotlin.Boolean value=false
            bootstrapMethodArguments: VARARG type=kotlin.Array<kotlin.Any> varargElementType=kotlin.Any
              CALL 'public final fun <jvm-original-method-type> (method: kotlin.Any): kotlin.Any declared in kotlin.jvm.internal' type=kotlin.Any origin=null
                method: RAW_FUNCTION_REFERENCE 'public abstract fun invoke (): R of kotlin.Function0 [operator] declared in kotlin.Function0' type=kotlin.Any
              RAW_FUNCTION_REFERENCE 'private final fun OnboardingScreen$lambda$0 ($pages: kotlin.collections.List<com.example.onboarding_screens.OnboardingPage>): kotlin.Int declared in com.example.onboarding_screens.OnboardingActivityKt' type=kotlin.Any
              CALL 'public final fun <jvm-original-method-type> (method: kotlin.Any): kotlin.Any declared in kotlin.jvm.internal' type=kotlin.Any origin=null
                method: RAW_FUNCTION_REFERENCE 'public abstract fun invoke (): kotlin.Int? [fake_override,operator] declared in kotlin.jvm.internal.invokeDynamic.<fake>' type=kotlin.Any
        $mask0: CONST Int type=kotlin.Int value=3
        $handler: CONST Null type=kotlin.Any? value=null
    VAR PROPERTY_DELEGATE name:showButton$delegate type:androidx.compose.runtime.MutableState<kotlin.Boolean> [val]
      TYPE_OP type=androidx.compose.runtime.MutableState<kotlin.Boolean> origin=IMPLICIT_CAST typeOperand=androidx.compose.runtime.MutableState<kotlin.Boolean>
        CALL 'public final fun rememberSaveable$default <T> (vararg inputs: kotlin.Any?, saver: androidx.compose.runtime.saveable.Saver<T of androidx.compose.runtime.saveable.RememberSaveableKt.rememberSaveable$default, out kotlin.Any>?, key: kotlin.String?, init: kotlin.Function0<T of androidx.compose.runtime.saveable.RememberSaveableKt.rememberSaveable$default>, $mask0: kotlin.Int, $handler: kotlin.Any?): T of androidx.compose.runtime.saveable.RememberSaveableKt.rememberSaveable$default declared in androidx.compose.runtime.saveable.RememberSaveableKt' type=T of androidx.compose.runtime.saveable.RememberSaveableKt.rememberSaveable$default origin=DEFAULT_DISPATCH_CALL
          <T>: androidx.compose.runtime.MutableState<kotlin.Boolean>
          inputs: CALL 'public final fun arrayOfNulls <T> (size: kotlin.Int): kotlin.Array<T of kotlin.arrayOfNulls?> declared in kotlin' type=kotlin.Array<out kotlin.Any?> origin=null
            <T>: kotlin.Any?
            size: CONST Int type=kotlin.Int value=0
          saver: COMPOSITE type=androidx.compose.runtime.saveable.Saver<T of androidx.compose.runtime.saveable.RememberSaveableKt.rememberSaveable$default, out kotlin.Any>? origin=DEFAULT_VALUE
            CONST Null type=androidx.compose.runtime.saveable.Saver<T of androidx.compose.runtime.saveable.RememberSaveableKt.rememberSaveable$default, out kotlin.Any>? value=null
          key: COMPOSITE type=kotlin.String? origin=DEFAULT_VALUE
            CONST Null type=kotlin.String? value=null
          init: BLOCK type=kotlin.Function0<androidx.compose.runtime.MutableState<kotlin.Boolean>> origin=LAMBDA
            COMPOSITE type=kotlin.Unit origin=null
            CALL 'public final fun <jvm-indy> <T> (dynamicCall: T of kotlin.jvm.internal.<jvm-indy>, bootstrapMethodHandle: kotlin.Any, vararg bootstrapMethodArguments: kotlin.Any): T of kotlin.jvm.internal.<jvm-indy> declared in kotlin.jvm.internal' type=kotlin.Function0<androidx.compose.runtime.MutableState<kotlin.Boolean>> origin=null
              <T>: kotlin.Function0<androidx.compose.runtime.MutableState<kotlin.Boolean>>
              dynamicCall: CALL 'public final fun invoke (): kotlin.Function0<androidx.compose.runtime.MutableState<kotlin.Boolean>> declared in kotlin.jvm.internal.invokeDynamic' type=kotlin.Function0<androidx.compose.runtime.MutableState<kotlin.Boolean>> origin=null
              bootstrapMethodHandle: CALL 'public final fun <jvm-method-handle> (tag: kotlin.Int, owner: kotlin.String, name: kotlin.String, descriptor: kotlin.String, isInterface: kotlin.Boolean): kotlin.Any declared in kotlin.jvm.internal' type=kotlin.Any origin=null
                tag: CONST Int type=kotlin.Int value=6
                owner: CONST String type=kotlin.String value="java/lang/invoke/LambdaMetafactory"
                name: CONST String type=kotlin.String value="metafactory"
                descriptor: CONST String type=kotlin.String value="(Ljava/lang/invoke/MethodHandles$Lookup;Ljava/lang/String;Ljava/lang/invoke/MethodType;Ljava/lang/invoke/MethodType;Ljava/lang/invoke/MethodHandle;Ljava/lang/invoke/MethodType;)Ljava/lang/invoke/CallSite;"
                isInterface: CONST Boolean type=kotlin.Boolean value=false
              bootstrapMethodArguments: VARARG type=kotlin.Array<kotlin.Any> varargElementType=kotlin.Any
                CALL 'public final fun <jvm-original-method-type> (method: kotlin.Any): kotlin.Any declared in kotlin.jvm.internal' type=kotlin.Any origin=null
                  method: RAW_FUNCTION_REFERENCE 'public abstract fun invoke (): R of kotlin.Function0 [operator] declared in kotlin.Function0' type=kotlin.Any
                RAW_FUNCTION_REFERENCE 'private final fun OnboardingScreen$lambda$1 (): androidx.compose.runtime.MutableState<kotlin.Boolean> declared in com.example.onboarding_screens.OnboardingActivityKt' type=kotlin.Any
                CALL 'public final fun <jvm-original-method-type> (method: kotlin.Any): kotlin.Any declared in kotlin.jvm.internal' type=kotlin.Any origin=null
                  method: RAW_FUNCTION_REFERENCE 'public abstract fun invoke (): androidx.compose.runtime.MutableState<kotlin.Boolean> [fake_override,operator] declared in kotlin.jvm.internal.invokeDynamic.<fake>' type=kotlin.Any
          $mask0: CONST Int type=kotlin.Int value=6
          $handler: CONST Null type=kotlin.Any? value=null
    CALL 'public final fun LaunchedEffect (key1: kotlin.Any?, block: @[ExtensionFunctionType] kotlin.coroutines.SuspendFunction1<kotlinx.coroutines.CoroutineScope, kotlin.Unit>): kotlin.Unit declared in androidx.compose.runtime.EffectsKt' type=kotlin.Unit origin=null
      key1: CALL 'public final fun <get-currentPage> (): kotlin.Int declared in androidx.compose.foundation.pager.PagerState' type=kotlin.Int origin=GET_PROPERTY
        $this: GET_VAR 'val pagerState: androidx.compose.foundation.pager.PagerState [val] declared in com.example.onboarding_screens.OnboardingActivityKt.OnboardingScreen' type=androidx.compose.foundation.pager.PagerState origin=null
      block: BLOCK type=com.example.onboarding_screens.OnboardingActivityKt.OnboardingScreen.<no name provided> origin=null
        CLASS SUSPEND_LAMBDA CLASS name:<no name provided> modality:FINAL visibility:public/*package*/ superTypes:[kotlin.coroutines.jvm.internal.SuspendLambda; kotlin.jvm.functions.Function2<kotlinx.coroutines.CoroutineScope, kotlin.coroutines.Continuation<kotlin.Unit>?, kotlin.Any?>]
          $this: VALUE_PARAMETER INSTANCE_RECEIVER name:<this> type:com.example.onboarding_screens.OnboardingActivityKt.OnboardingScreen.<no name provided>
          FIELD name:label type:kotlin.Int visibility:public/*package*/
          CONSTRUCTOR SUSPEND_LAMBDA visibility:public/*package*/ <> ($pagerState:androidx.compose.foundation.pager.PagerState, $pages:kotlin.collections.List<com.example.onboarding_screens.OnboardingPage>, $showButton$delegate:androidx.compose.runtime.MutableState<kotlin.Boolean>, $completion:kotlin.coroutines.Continuation<com.example.onboarding_screens.OnboardingActivityKt.OnboardingScreen.<no name provided>>?) returnType:com.example.onboarding_screens.OnboardingActivityKt.OnboardingScreen.<no name provided> [primary]
            VALUE_PARAMETER BOUND_VALUE_PARAMETER name:$pagerState index:0 type:androidx.compose.foundation.pager.PagerState
            VALUE_PARAMETER BOUND_VALUE_PARAMETER name:$pages index:1 type:kotlin.collections.List<com.example.onboarding_screens.OnboardingPage>
            VALUE_PARAMETER BOUND_VALUE_PARAMETER name:$showButton$delegate index:2 type:androidx.compose.runtime.MutableState<kotlin.Boolean>
            VALUE_PARAMETER name:$completion index:3 type:kotlin.coroutines.Continuation<com.example.onboarding_screens.OnboardingActivityKt.OnboardingScreen.<no name provided>>?
            BLOCK_BODY
              SET_FIELD 'FIELD FIELD_FOR_CAPTURED_VALUE name:$pagerState type:androidx.compose.foundation.pager.PagerState visibility:public/*package*/ [final]' type=kotlin.Unit origin=INITIALIZER_OF_FIELD_FOR_CAPTURED_VALUE
                receiver: GET_VAR '<this>: com.example.onboarding_screens.OnboardingActivityKt.OnboardingScreen.<no name provided> declared in com.example.onboarding_screens.OnboardingActivityKt.OnboardingScreen.<no name provided>' type=com.example.onboarding_screens.OnboardingActivityKt.OnboardingScreen.<no name provided> origin=null
                value: GET_VAR '$pagerState: androidx.compose.foundation.pager.PagerState declared in com.example.onboarding_screens.OnboardingActivityKt.OnboardingScreen.<no name provided>.<init>' type=androidx.compose.foundation.pager.PagerState origin=null
              SET_FIELD 'FIELD FIELD_FOR_CAPTURED_VALUE name:$pages type:kotlin.collections.List<com.example.onboarding_screens.OnboardingPage> visibility:public/*package*/ [final]' type=kotlin.Unit origin=INITIALIZER_OF_FIELD_FOR_CAPTURED_VALUE
                receiver: GET_VAR '<this>: com.example.onboarding_screens.OnboardingActivityKt.OnboardingScreen.<no name provided> declared in com.example.onboarding_screens.OnboardingActivityKt.OnboardingScreen.<no name provided>' type=com.example.onboarding_screens.OnboardingActivityKt.OnboardingScreen.<no name provided> origin=null
                value: GET_VAR '$pages: kotlin.collections.List<com.example.onboarding_screens.OnboardingPage> declared in com.example.onboarding_screens.OnboardingActivityKt.OnboardingScreen.<no name provided>.<init>' type=kotlin.collections.List<com.example.onboarding_screens.OnboardingPage> origin=null
              SET_FIELD 'FIELD FIELD_FOR_CAPTURED_VALUE name:$showButton$delegate type:androidx.compose.runtime.MutableState<kotlin.Boolean> visibility:public/*package*/ [final]' type=kotlin.Unit origin=INITIALIZER_OF_FIELD_FOR_CAPTURED_VALUE
                receiver: GET_VAR '<this>: com.example.onboarding_screens.OnboardingActivityKt.OnboardingScreen.<no name provided> declared in com.example.onboarding_screens.OnboardingActivityKt.OnboardingScreen.<no name provided>' type=com.example.onboarding_screens.OnboardingActivityKt.OnboardingScreen.<no name provided> origin=null
                value: GET_VAR '$showButton$delegate: androidx.compose.runtime.MutableState<kotlin.Boolean> declared in com.example.onboarding_screens.OnboardingActivityKt.OnboardingScreen.<no name provided>.<init>' type=androidx.compose.runtime.MutableState<kotlin.Boolean> origin=null
              DELEGATING_CONSTRUCTOR_CALL 'public constructor <init> (arity: kotlin.Int, $completion: kotlin.coroutines.Continuation<kotlin.Any?>?) declared in kotlin.coroutines.jvm.internal.SuspendLambda'
                arity: CONST Int type=kotlin.Int value=2
                $completion: GET_VAR '$completion: kotlin.coroutines.Continuation<com.example.onboarding_screens.OnboardingActivityKt.OnboardingScreen.<no name provided>>? declared in com.example.onboarding_screens.OnboardingActivityKt.OnboardingScreen.<no name provided>.<init>' type=kotlin.coroutines.Continuation<com.example.onboarding_screens.OnboardingActivityKt.OnboardingScreen.<no name provided>>? origin=null
              BLOCK type=kotlin.Unit origin=null
          FUN name:invokeSuspend visibility:public modality:FINAL <> ($this:com.example.onboarding_screens.OnboardingActivityKt.OnboardingScreen.<no name provided>, $result:kotlin.Result<kotlin.Any?>) returnType:kotlin.Any?
            overridden:
              protected abstract fun invokeSuspend ($result: kotlin.Result<kotlin.Any?>): kotlin.Any? declared in kotlin.coroutines.jvm.internal.SuspendLambda
            $this: VALUE_PARAMETER INSTANCE_RECEIVER name:<this> type:com.example.onboarding_screens.OnboardingActivityKt.OnboardingScreen.<no name provided>
            VALUE_PARAMETER name:$result index:0 type:kotlin.Result<kotlin.Any?>
            BLOCK_BODY
              CALL 'public final fun access$OnboardingScreen$lambda$3 ($showButton$delegate: androidx.compose.runtime.MutableState<kotlin.Boolean>, <set-?>: kotlin.Boolean): kotlin.Unit declared in com.example.onboarding_screens.OnboardingActivityKt' type=kotlin.Unit origin=EQ
                $showButton$delegate: GET_FIELD 'FIELD FIELD_FOR_CAPTURED_VALUE name:$showButton$delegate type:androidx.compose.runtime.MutableState<kotlin.Boolean> visibility:public/*package*/ [final]' type=androidx.compose.runtime.MutableState<kotlin.Boolean> origin=null
                  receiver: GET_VAR '<this>: com.example.onboarding_screens.OnboardingActivityKt.OnboardingScreen.<no name provided> declared in com.example.onboarding_screens.OnboardingActivityKt.OnboardingScreen.<no name provided>.invokeSuspend' type=com.example.onboarding_screens.OnboardingActivityKt.OnboardingScreen.<no name provided> origin=null
                <set-?>: CALL 'public final fun EQEQ (arg0: kotlin.Any?, arg1: kotlin.Any?): kotlin.Boolean declared in kotlin.internal.ir' type=kotlin.Boolean origin=EQEQ
                  arg0: CALL 'public final fun <get-currentPage> (): kotlin.Int declared in androidx.compose.foundation.pager.PagerState' type=kotlin.Int origin=GET_PROPERTY
                    $this: GET_FIELD 'FIELD FIELD_FOR_CAPTURED_VALUE name:$pagerState type:androidx.compose.foundation.pager.PagerState visibility:public/*package*/ [final]' type=androidx.compose.foundation.pager.PagerState origin=null
                      receiver: GET_VAR '<this>: com.example.onboarding_screens.OnboardingActivityKt.OnboardingScreen.<no name provided> declared in com.example.onboarding_screens.OnboardingActivityKt.OnboardingScreen.<no name provided>.invokeSuspend' type=com.example.onboarding_screens.OnboardingActivityKt.OnboardingScreen.<no name provided> origin=null
                  arg1: CALL 'public final fun minus (other: kotlin.Int): kotlin.Int [operator] declared in kotlin.Int' type=kotlin.Int origin=MINUS
                    $this: CALL 'public abstract fun <get-size> (): kotlin.Int declared in kotlin.collections.List' type=kotlin.Int origin=GET_PROPERTY
                      $this: GET_FIELD 'FIELD FIELD_FOR_CAPTURED_VALUE name:$pages type:kotlin.collections.List<com.example.onboarding_screens.OnboardingPage> visibility:public/*package*/ [final]' type=kotlin.collections.List<com.example.onboarding_screens.OnboardingPage> origin=null
                        receiver: GET_VAR '<this>: com.example.onboarding_screens.OnboardingActivityKt.OnboardingScreen.<no name provided> declared in com.example.onboarding_screens.OnboardingActivityKt.OnboardingScreen.<no name provided>.invokeSuspend' type=com.example.onboarding_screens.OnboardingActivityKt.OnboardingScreen.<no name provided> origin=null
                    other: CONST Int type=kotlin.Int value=1
          FUN name:create visibility:public modality:FINAL <> ($this:com.example.onboarding_screens.OnboardingActivityKt.OnboardingScreen.<no name provided>, value:kotlin.Any?, $completion:kotlin.coroutines.Continuation<kotlin.Nothing>) returnType:kotlin.coroutines.Continuation<kotlin.Unit>
            overridden:
              public open fun create (value: kotlin.Any?, $completion: kotlin.coroutines.Continuation<kotlin.Nothing>): kotlin.coroutines.Continuation<kotlin.Unit> declared in kotlin.coroutines.jvm.internal.SuspendLambda
            $this: VALUE_PARAMETER INSTANCE_RECEIVER name:<this> type:com.example.onboarding_screens.OnboardingActivityKt.OnboardingScreen.<no name provided>
            VALUE_PARAMETER name:value index:0 type:kotlin.Any?
            VALUE_PARAMETER name:$completion index:1 type:kotlin.coroutines.Continuation<kotlin.Nothing>
            BLOCK_BODY
              RETURN type=kotlin.Nothing from='public final fun create (value: kotlin.Any?, $completion: kotlin.coroutines.Continuation<kotlin.Nothing>): kotlin.coroutines.Continuation<kotlin.Unit> declared in com.example.onboarding_screens.OnboardingActivityKt.OnboardingScreen.<no name provided>'
                CONSTRUCTOR_CALL 'public/*package*/ constructor <init> ($pagerState: androidx.compose.foundation.pager.PagerState, $pages: kotlin.collections.List<com.example.onboarding_screens.OnboardingPage>, $showButton$delegate: androidx.compose.runtime.MutableState<kotlin.Boolean>, $completion: kotlin.coroutines.Continuation<com.example.onboarding_screens.OnboardingActivityKt.OnboardingScreen.<no name provided>>?) [primary] declared in com.example.onboarding_screens.OnboardingActivityKt.OnboardingScreen.<no name provided>' type=com.example.onboarding_screens.OnboardingActivityKt.OnboardingScreen.<no name provided> origin=null
                  $pagerState: GET_FIELD 'FIELD FIELD_FOR_CAPTURED_VALUE name:$pagerState type:androidx.compose.foundation.pager.PagerState visibility:public/*package*/ [final]' type=androidx.compose.foundation.pager.PagerState origin=null
                    receiver: GET_VAR '<this>: com.example.onboarding_screens.OnboardingActivityKt.OnboardingScreen.<no name provided> declared in com.example.onboarding_screens.OnboardingActivityKt.OnboardingScreen.<no name provided>.create' type=com.example.onboarding_screens.OnboardingActivityKt.OnboardingScreen.<no name provided> origin=null
                  $pages: GET_FIELD 'FIELD FIELD_FOR_CAPTURED_VALUE name:$pages type:kotlin.collections.List<com.example.onboarding_screens.OnboardingPage> visibility:public/*package*/ [final]' type=kotlin.collections.List<com.example.onboarding_screens.OnboardingPage> origin=null
                    receiver: GET_VAR '<this>: com.example.onboarding_screens.OnboardingActivityKt.OnboardingScreen.<no name provided> declared in com.example.onboarding_screens.OnboardingActivityKt.OnboardingScreen.<no name provided>.create' type=com.example.onboarding_screens.OnboardingActivityKt.OnboardingScreen.<no name provided> origin=null
                  $showButton$delegate: GET_FIELD 'FIELD FIELD_FOR_CAPTURED_VALUE name:$showButton$delegate type:androidx.compose.runtime.MutableState<kotlin.Boolean> visibility:public/*package*/ [final]' type=androidx.compose.runtime.MutableState<kotlin.Boolean> origin=null
                    receiver: GET_VAR '<this>: com.example.onboarding_screens.OnboardingActivityKt.OnboardingScreen.<no name provided> declared in com.example.onboarding_screens.OnboardingActivityKt.OnboardingScreen.<no name provided>.create' type=com.example.onboarding_screens.OnboardingActivityKt.OnboardingScreen.<no name provided> origin=null
                  $completion: GET_VAR '$completion: kotlin.coroutines.Continuation<kotlin.Nothing> declared in com.example.onboarding_screens.OnboardingActivityKt.OnboardingScreen.<no name provided>.create' type=kotlin.coroutines.Continuation<kotlin.Nothing> origin=null
          FUN name:invoke visibility:public modality:FINAL <> ($this:com.example.onboarding_screens.OnboardingActivityKt.OnboardingScreen.<no name provided>, p1:kotlinx.coroutines.CoroutineScope, p2:kotlin.coroutines.Continuation<kotlin.Unit>?) returnType:kotlin.Any?
            overridden:
              public abstract fun invoke (p1: P1 of kotlin.jvm.functions.Function2, p2: P2 of kotlin.jvm.functions.Function2): R of kotlin.jvm.functions.Function2 declared in kotlin.jvm.functions.Function2
            $this: VALUE_PARAMETER INSTANCE_RECEIVER name:<this> type:com.example.onboarding_screens.OnboardingActivityKt.OnboardingScreen.<no name provided>
            VALUE_PARAMETER name:p1 index:0 type:kotlinx.coroutines.CoroutineScope
            VALUE_PARAMETER name:p2 index:1 type:kotlin.coroutines.Continuation<kotlin.Unit>?
            BLOCK_BODY
              RETURN type=kotlin.Nothing from='public final fun invoke (p1: kotlinx.coroutines.CoroutineScope, p2: kotlin.coroutines.Continuation<kotlin.Unit>?): kotlin.Any? declared in com.example.onboarding_screens.OnboardingActivityKt.OnboardingScreen.<no name provided>'
                CALL 'public final fun invokeSuspend ($result: kotlin.Result<kotlin.Any?>): kotlin.Any? declared in com.example.onboarding_screens.OnboardingActivityKt.OnboardingScreen.<no name provided>' type=kotlin.Any? origin=null
                  $this: TYPE_OP type=com.example.onboarding_screens.OnboardingActivityKt.OnboardingScreen.<no name provided> origin=IMPLICIT_CAST typeOperand=com.example.onboarding_screens.OnboardingActivityKt.OnboardingScreen.<no name provided>
                    CALL 'public final fun create (value: kotlin.Any?, $completion: kotlin.coroutines.Continuation<kotlin.Nothing>): kotlin.coroutines.Continuation<kotlin.Unit> declared in com.example.onboarding_screens.OnboardingActivityKt.OnboardingScreen.<no name provided>' type=kotlin.coroutines.Continuation<kotlin.Unit> origin=null
                      $this: GET_VAR '<this>: com.example.onboarding_screens.OnboardingActivityKt.OnboardingScreen.<no name provided> declared in com.example.onboarding_screens.OnboardingActivityKt.OnboardingScreen.<no name provided>.invoke' type=com.example.onboarding_screens.OnboardingActivityKt.OnboardingScreen.<no name provided> origin=null
                      value: GET_VAR 'p1: kotlinx.coroutines.CoroutineScope declared in com.example.onboarding_screens.OnboardingActivityKt.OnboardingScreen.<no name provided>.invoke' type=kotlinx.coroutines.CoroutineScope origin=null
                      $completion: GET_VAR 'p2: kotlin.coroutines.Continuation<kotlin.Unit>? declared in com.example.onboarding_screens.OnboardingActivityKt.OnboardingScreen.<no name provided>.invoke' type=kotlin.coroutines.Continuation<kotlin.Unit>? origin=null
                  $result: CALL 'public final fun <unsafe-coerce> <T, R> (v: T of kotlin.jvm.internal.<unsafe-coerce>): R of kotlin.jvm.internal.<unsafe-coerce> declared in kotlin.jvm.internal' type=kotlin.Result<kotlin.Any?> origin=null
                    <T>: kotlin.Any?
                    <R>: kotlin.Result<kotlin.Any?>
                    v: GET_FIELD 'FIELD FIELD_FOR_OBJECT_INSTANCE name:INSTANCE type:kotlin.Unit visibility:public [final,static]' type=kotlin.Unit origin=null
          FIELD FIELD_FOR_CAPTURED_VALUE name:$pagerState type:androidx.compose.foundation.pager.PagerState visibility:public/*package*/ [final]
          FIELD FIELD_FOR_CAPTURED_VALUE name:$pages type:kotlin.collections.List<com.example.onboarding_screens.OnboardingPage> visibility:public/*package*/ [final]
          FIELD FIELD_FOR_CAPTURED_VALUE name:$showButton$delegate type:androidx.compose.runtime.MutableState<kotlin.Boolean> visibility:public/*package*/ [final]
          FUN BRIDGE name:invoke visibility:public modality:OPEN <> ($this:com.example.onboarding_screens.OnboardingActivityKt.OnboardingScreen.<no name provided>, p1:kotlin.Any?, p2:kotlin.Any?) returnType:kotlin.Any?
            $this: VALUE_PARAMETER INSTANCE_RECEIVER name:<this> type:com.example.onboarding_screens.OnboardingActivityKt.OnboardingScreen.<no name provided>
            VALUE_PARAMETER BRIDGE name:p1 index:0 type:kotlin.Any?
            VALUE_PARAMETER BRIDGE name:p2 index:1 type:kotlin.Any?
            EXPRESSION_BODY
              RETURN type=kotlin.Nothing from='public open fun invoke (p1: kotlin.Any?, p2: kotlin.Any?): kotlin.Any? declared in com.example.onboarding_screens.OnboardingActivityKt.OnboardingScreen.<no name provided>'
                CALL 'public final fun invoke (p1: kotlinx.coroutines.CoroutineScope, p2: kotlin.coroutines.Continuation<kotlin.Unit>?): kotlin.Any? declared in com.example.onboarding_screens.OnboardingActivityKt.OnboardingScreen.<no name provided>' type=kotlin.Any? origin=BRIDGE_DELEGATION
                  $this: GET_VAR '<this>: com.example.onboarding_screens.OnboardingActivityKt.OnboardingScreen.<no name provided> declared in com.example.onboarding_screens.OnboardingActivityKt.OnboardingScreen.<no name provided>.invoke' type=com.example.onboarding_screens.OnboardingActivityKt.OnboardingScreen.<no name provided> origin=null
                  p1: TYPE_OP type=kotlinx.coroutines.CoroutineScope origin=IMPLICIT_CAST typeOperand=kotlinx.coroutines.CoroutineScope
                    GET_VAR 'p1: kotlin.Any? declared in com.example.onboarding_screens.OnboardingActivityKt.OnboardingScreen.<no name provided>.invoke' type=kotlin.Any? origin=null
                  p2: TYPE_OP type=kotlin.coroutines.Continuation<*> origin=IMPLICIT_CAST typeOperand=kotlin.coroutines.Continuation<*>
                    GET_VAR 'p2: kotlin.Any? declared in com.example.onboarding_screens.OnboardingActivityKt.OnboardingScreen.<no name provided>.invoke' type=kotlin.Any? origin=null
        CONSTRUCTOR_CALL 'public/*package*/ constructor <init> ($pagerState: androidx.compose.foundation.pager.PagerState, $pages: kotlin.collections.List<com.example.onboarding_screens.OnboardingPage>, $showButton$delegate: androidx.compose.runtime.MutableState<kotlin.Boolean>, $completion: kotlin.coroutines.Continuation<com.example.onboarding_screens.OnboardingActivityKt.OnboardingScreen.<no name provided>>?) [primary] declared in com.example.onboarding_screens.OnboardingActivityKt.OnboardingScreen.<no name provided>' type=com.example.onboarding_screens.OnboardingActivityKt.OnboardingScreen.<no name provided> origin=null
          $pagerState: GET_VAR 'val pagerState: androidx.compose.foundation.pager.PagerState [val] declared in com.example.onboarding_screens.OnboardingActivityKt.OnboardingScreen' type=androidx.compose.foundation.pager.PagerState origin=null
          $pages: GET_VAR 'val pages: kotlin.collections.List<com.example.onboarding_screens.OnboardingPage> [val] declared in com.example.onboarding_screens.OnboardingActivityKt.OnboardingScreen' type=kotlin.collections.List<com.example.onboarding_screens.OnboardingPage> origin=null
          $showButton$delegate: GET_VAR 'val showButton$delegate: androidx.compose.runtime.MutableState<kotlin.Boolean> [val] declared in com.example.onboarding_screens.OnboardingActivityKt.OnboardingScreen' type=androidx.compose.runtime.MutableState<kotlin.Boolean> origin=null
          $completion: CONST Null type=kotlin.Nothing? value=null
    CALL 'public final fun Column$default (modifier: androidx.compose.ui.Modifier?, verticalArrangement: androidx.compose.foundation.layout.Arrangement.Vertical?, horizontalAlignment: androidx.compose.ui.Alignment.Horizontal?, content: @[Composable] @[ExtensionFunctionType] kotlin.Function1<androidx.compose.foundation.layout.ColumnScope, kotlin.Unit>, $mask0: kotlin.Int, $handler: kotlin.Any?): kotlin.Unit [inline] declared in androidx.compose.foundation.layout.ColumnKt' type=kotlin.Unit origin=DEFAULT_DISPATCH_CALL
      modifier: CALL 'public final fun fillMaxSize$default (fraction: kotlin.Float, $mask0: kotlin.Int, $handler: kotlin.Any?): androidx.compose.ui.Modifier declared in androidx.compose.foundation.layout.SizeKt' type=androidx.compose.ui.Modifier origin=DEFAULT_DISPATCH_CALL
        $receiver: GET_FIELD 'FIELD FIELD_FOR_OBJECT_INSTANCE name:Companion type:androidx.compose.ui.Modifier.Companion visibility:public [final,static]' type=androidx.compose.ui.Modifier.Companion origin=null
        fraction: COMPOSITE type=kotlin.Float origin=DEFAULT_VALUE
          CONST Float type=kotlin.Float value=0.0
        $mask0: CONST Int type=kotlin.Int value=1
        $handler: CONST Null type=kotlin.Any? value=null
      verticalArrangement: COMPOSITE type=androidx.compose.foundation.layout.Arrangement.Vertical? origin=DEFAULT_VALUE
        CONST Null type=androidx.compose.foundation.layout.Arrangement.Vertical? value=null
      horizontalAlignment: COMPOSITE type=androidx.compose.ui.Alignment.Horizontal? origin=DEFAULT_VALUE
        CONST Null type=androidx.compose.ui.Alignment.Horizontal? value=null
      content: BLOCK type=@[ExtensionFunctionType] kotlin.Function1<androidx.compose.foundation.layout.ColumnScope, kotlin.Unit> origin=LAMBDA
        COMPOSITE type=kotlin.Unit origin=null
        FUNCTION_REFERENCE 'private final fun OnboardingScreen$lambda$8 ($pagerState: androidx.compose.foundation.pager.PagerState, $pages: kotlin.collections.List<com.example.onboarding_screens.OnboardingPage>, $showButton$delegate: androidx.compose.runtime.MutableState<kotlin.Boolean>, $onFinish: kotlin.Function0<kotlin.Unit>): kotlin.Unit declared in com.example.onboarding_screens.OnboardingActivityKt' type=@[ExtensionFunctionType] kotlin.Function1<androidx.compose.foundation.layout.ColumnScope, kotlin.Unit> origin=INLINE_LAMBDA reflectionTarget=null
          $pagerState: GET_VAR 'val pagerState: androidx.compose.foundation.pager.PagerState [val] declared in com.example.onboarding_screens.OnboardingActivityKt.OnboardingScreen' type=androidx.compose.foundation.pager.PagerState origin=null
          $pages: GET_VAR 'val pages: kotlin.collections.List<com.example.onboarding_screens.OnboardingPage> [val] declared in com.example.onboarding_screens.OnboardingActivityKt.OnboardingScreen' type=kotlin.collections.List<com.example.onboarding_screens.OnboardingPage> origin=null
          $showButton$delegate: GET_VAR 'val showButton$delegate: androidx.compose.runtime.MutableState<kotlin.Boolean> [val] declared in com.example.onboarding_screens.OnboardingActivityKt.OnboardingScreen' type=androidx.compose.runtime.MutableState<kotlin.Boolean> origin=null
          $onFinish: GET_VAR 'onFinish: kotlin.Function0<kotlin.Unit> declared in com.example.onboarding_screens.OnboardingActivityKt.OnboardingScreen' type=kotlin.Function0<kotlin.Unit> origin=null
      $mask0: CONST Int type=kotlin.Int value=6
      $handler: CONST Null type=kotlin.Any? value=null

	at org.jetbrains.kotlin.backend.jvm.codegen.FunctionCodegen.generate(FunctionCodegen.kt:50)
	at org.jetbrains.kotlin.backend.jvm.codegen.FunctionCodegen.generate$default(FunctionCodegen.kt:42)
	at org.jetbrains.kotlin.backend.jvm.codegen.ClassCodegen.generateMethodNode(ClassCodegen.kt:385)
	at org.jetbrains.kotlin.backend.jvm.codegen.ClassCodegen.generateMethod(ClassCodegen.kt:402)
	at org.jetbrains.kotlin.backend.jvm.codegen.ClassCodegen.generate(ClassCodegen.kt:169)
	at org.jetbrains.kotlin.backend.jvm.FileCodegen.lower(JvmPhases.kt:41)
	at org.jetbrains.kotlin.backend.common.phaser.PhaseBuildersKt.makeIrFilePhase$lambda$5(PhaseBuilders.kt:114)
	at org.jetbrains.kotlin.backend.common.phaser.PhaseBuildersKt$createSimpleNamedCompilerPhase$1.phaseBody(PhaseBuilders.kt:71)
	at org.jetbrains.kotlin.backend.common.phaser.SimpleNamedCompilerPhase.phaseBody(CompilerPhase.kt:226)
	at org.jetbrains.kotlin.backend.common.phaser.AbstractNamedCompilerPhase.invoke(CompilerPhase.kt:113)
	at org.jetbrains.kotlin.backend.common.phaser.PerformByIrFilePhase.invokeSequential(performByIrFile.kt:62)
	... 43 more
Caused by: org.jetbrains.kotlin.codegen.CompilationException: Back-end (JVM) Internal error: Couldn't inline method call: CALL 'public final fun Column$default (modifier: androidx.compose.ui.Modifier?, verticalArrangement: androidx.compose.foundation.layout.Arrangement.Vertical?, horizontalAlignment: androidx.compose.ui.Alignment.Horizontal?, content: @[Composable] @[ExtensionFunctionType] kotlin.Function1<androidx.compose.foundation.layout.ColumnScope, kotlin.Unit>, $mask0: kotlin.Int, $handler: kotlin.Any?): kotlin.Unit [inline] declared in androidx.compose.foundation.layout.ColumnKt' type=kotlin.Unit origin=DEFAULT_DISPATCH_CALL
Method: null
File is unknown
The root cause java.lang.IllegalStateException was thrown at: org.jetbrains.kotlin.codegen.inline.SourceCompilerForInlineKt.getMethodNode(SourceCompilerForInline.kt:118)
	at org.jetbrains.kotlin.codegen.inline.InlineCodegen.performInline(InlineCodegen.kt:65)
	at org.jetbrains.kotlin.backend.jvm.codegen.IrInlineCodegen.genInlineCall(IrInlineCodegen.kt:162)
	at org.jetbrains.kotlin.backend.jvm.codegen.IrInlineCallGenerator.genCall(IrInlineCallGenerator.kt:36)
	at org.jetbrains.kotlin.backend.jvm.codegen.ExpressionCodegen.visitCall(ExpressionCodegen.kt:647)
	at org.jetbrains.kotlin.backend.jvm.codegen.ExpressionCodegen.visitCall(ExpressionCodegen.kt:137)
	at org.jetbrains.kotlin.ir.expressions.IrCall.accept(IrCall.kt:24)
	at org.jetbrains.kotlin.backend.jvm.codegen.ExpressionCodegen.visitStatementContainer(ExpressionCodegen.kt:573)
	at org.jetbrains.kotlin.backend.jvm.codegen.ExpressionCodegen.visitBlockBody(ExpressionCodegen.kt:578)
	at org.jetbrains.kotlin.backend.jvm.codegen.ExpressionCodegen.visitBlockBody(ExpressionCodegen.kt:137)
	at org.jetbrains.kotlin.ir.expressions.IrBlockBody.accept(IrBlockBody.kt:20)
	at org.jetbrains.kotlin.backend.jvm.codegen.ExpressionCodegen.generate(ExpressionCodegen.kt:239)
	at org.jetbrains.kotlin.backend.jvm.codegen.FunctionCodegen.doGenerate(FunctionCodegen.kt:121)
	at org.jetbrains.kotlin.backend.jvm.codegen.FunctionCodegen.generate(FunctionCodegen.kt:46)
	... 53 more
Caused by: java.lang.IllegalStateException: couldn't find inline method Landroidx/compose/foundation/layout/ColumnKt;.Column$default(Landroidx/compose/ui/Modifier;Landroidx/compose/foundation/layout/Arrangement$Vertical;Landroidx/compose/ui/Alignment$Horizontal;Lkotlin/jvm/functions/Function1;ILjava/lang/Object;)V
	at org.jetbrains.kotlin.codegen.inline.SourceCompilerForInlineKt.getMethodNode(SourceCompilerForInline.kt:118)
	at org.jetbrains.kotlin.codegen.inline.SourceCompilerForInlineKt.loadCompiledInlineFunction(SourceCompilerForInline.kt:96)
	at org.jetbrains.kotlin.backend.jvm.codegen.IrSourceCompilerForInline.compileInlineFunction(IrSourceCompilerForInline.kt:91)
	at org.jetbrains.kotlin.codegen.inline.InlineCodegen.compileInline(InlineCodegen.kt:43)
	at org.jetbrains.kotlin.codegen.inline.InlineCodegen.performInline(InlineCodegen.kt:51)
	... 65 more


